{"/Users/bencai/Documents/Courses - PSQL/PERM - Dragons/dragons_postgres/server/secrets/salt.js": {"path":"/Users/bencai/Documents/Courses - PSQL/PERM - Dragons/dragons_postgres/server/secrets/salt.js","statementMap":{"0":{"start":{"line":1,"column":13},"end":{"line":1,"column":25}},"1":{"start":{"line":2,"column":0},"end":{"line":2,"column":22}}},"fnMap":{},"branchMap":{},"s":{"0":1,"1":1},"f":{},"b":{},"_coverageSchema":"1a1c01bbd47fc00a2c39e90264f33305004495a9","hash":"a8fe0d5b721700cbe56f9ac968558532d1def55c"}
,"/Users/bencai/Documents/Courses - PSQL/PERM - Dragons/dragons_postgres/server/src/common/makeHash.js": {"path":"/Users/bencai/Documents/Courses - PSQL/PERM - Dragons/dragons_postgres/server/src/common/makeHash.js","statementMap":{"0":{"start":{"line":1,"column":15},"end":{"line":1,"column":32}},"1":{"start":{"line":2,"column":13},"end":{"line":2,"column":42}},"2":{"start":{"line":6,"column":22},"end":{"line":6,"column":30}},"3":{"start":{"line":7,"column":17},"end":{"line":7,"column":22}},"4":{"start":{"line":9,"column":17},"end":{"line":14,"column":1}},"5":{"start":{"line":10,"column":2},"end":{"line":13,"column":22}},"6":{"start":{"line":16,"column":0},"end":{"line":16,"column":26}}},"fnMap":{"0":{"name":"(anonymous_0)","decl":{"start":{"line":9,"column":17},"end":{"line":9,"column":18}},"loc":{"start":{"line":9,"column":29},"end":{"line":14,"column":1}},"line":9}},"branchMap":{},"s":{"0":1,"1":1,"2":1,"3":1,"4":1,"5":3,"6":1},"f":{"0":3},"b":{},"_coverageSchema":"1a1c01bbd47fc00a2c39e90264f33305004495a9","hash":"4c673796ada583324b535c1f32957988742184ce"}
,"/Users/bencai/Documents/Courses - PSQL/PERM - Dragons/dragons_postgres/server/src/components/session/session.CONSTANTS.js": {"path":"/Users/bencai/Documents/Courses - PSQL/PERM - Dragons/dragons_postgres/server/src/components/session/session.CONSTANTS.js","statementMap":{"0":{"start":{"line":1,"column":18},"end":{"line":1,"column":21}},"1":{"start":{"line":3,"column":0},"end":{"line":3,"column":27}}},"fnMap":{},"branchMap":{},"s":{"0":1,"1":1},"f":{},"b":{},"_coverageSchema":"1a1c01bbd47fc00a2c39e90264f33305004495a9","hash":"42931bf3c37964f13bb54f345d99c1a85dedd6fa"}
,"/Users/bencai/Documents/Courses - PSQL/PERM - Dragons/dragons_postgres/server/src/components/session/session.model.js": {"path":"/Users/bencai/Documents/Courses - PSQL/PERM - Dragons/dragons_postgres/server/src/components/session/session.model.js","statementMap":{"0":{"start":{"line":1,"column":23},"end":{"line":1,"column":38}},"1":{"start":{"line":2,"column":17},"end":{"line":2,"column":49}},"2":{"start":{"line":3,"column":18},"end":{"line":3,"column":48}},"3":{"start":{"line":7,"column":4},"end":{"line":7,"column":29}},"4":{"start":{"line":8,"column":4},"end":{"line":8,"column":23}},"5":{"start":{"line":12,"column":4},"end":{"line":12,"column":27}},"6":{"start":{"line":17,"column":4},"end":{"line":17,"column":42}},"7":{"start":{"line":21,"column":24},"end":{"line":24,"column":6}},"8":{"start":{"line":25,"column":17},"end":{"line":25,"column":38}},"9":{"start":{"line":26,"column":4},"end":{"line":26,"column":47}},"10":{"start":{"line":30,"column":29},"end":{"line":30,"column":33}},"11":{"start":{"line":31,"column":4},"end":{"line":31,"column":60}},"12":{"start":{"line":37,"column":6},"end":{"line":37,"column":36}},"13":{"start":{"line":38,"column":4},"end":{"line":42,"column":6}},"14":{"start":{"line":47,"column":6},"end":{"line":47,"column":52}},"15":{"start":{"line":48,"column":24},"end":{"line":51,"column":6}},"16":{"start":{"line":52,"column":4},"end":{"line":52,"column":49}},"17":{"start":{"line":56,"column":0},"end":{"line":56,"column":30}}},"fnMap":{"0":{"name":"(anonymous_0)","decl":{"start":{"line":6,"column":2},"end":{"line":6,"column":3}},"loc":{"start":{"line":6,"column":28},"end":{"line":9,"column":3}},"line":6},"1":{"name":"(anonymous_1)","decl":{"start":{"line":11,"column":2},"end":{"line":11,"column":3}},"loc":{"start":{"line":11,"column":28},"end":{"line":13,"column":3}},"line":11},"2":{"name":"(anonymous_2)","decl":{"start":{"line":16,"column":2},"end":{"line":16,"column":3}},"loc":{"start":{"line":16,"column":43},"end":{"line":18,"column":3}},"line":16},"3":{"name":"(anonymous_3)","decl":{"start":{"line":20,"column":2},"end":{"line":20,"column":3}},"loc":{"start":{"line":20,"column":45},"end":{"line":27,"column":3}},"line":20},"4":{"name":"(anonymous_4)","decl":{"start":{"line":29,"column":2},"end":{"line":29,"column":3}},"loc":{"start":{"line":29,"column":18},"end":{"line":32,"column":3}},"line":29},"5":{"name":"(anonymous_5)","decl":{"start":{"line":35,"column":2},"end":{"line":35,"column":3}},"loc":{"start":{"line":35,"column":43},"end":{"line":43,"column":3}},"line":35},"6":{"name":"(anonymous_6)","decl":{"start":{"line":45,"column":2},"end":{"line":45,"column":3}},"loc":{"start":{"line":45,"column":41},"end":{"line":53,"column":3}},"line":45}},"branchMap":{},"s":{"0":1,"1":1,"2":1,"3":1,"4":1,"5":1,"6":3,"7":1,"8":1,"9":1,"10":1,"11":1,"12":3,"13":3,"14":2,"15":2,"16":2,"17":1},"f":{"0":1,"1":1,"2":3,"3":1,"4":1,"5":3,"6":2},"b":{},"_coverageSchema":"1a1c01bbd47fc00a2c39e90264f33305004495a9","hash":"12bb46ed2c400568d5a6a67966ef2c0de969580f"}
}
