TN:
SF:secrets/salt.js
FNF:0
FNH:0
DA:1,1
DA:2,1
LF:2
LH:2
BRF:0
BRH:0
end_of_record
TN:
SF:src/common/makeHash.js
FN:9,(anonymous_0)
FNF:1
FNH:1
FNDA:3,(anonymous_0)
DA:1,1
DA:2,1
DA:6,1
DA:7,1
DA:9,1
DA:10,3
DA:16,1
LF:7
LH:7
BRF:0
BRH:0
end_of_record
TN:
SF:src/components/session/session.CONSTANTS.js
FNF:0
FNH:0
DA:1,1
DA:3,1
LF:2
LH:2
BRF:0
BRH:0
end_of_record
TN:
SF:src/components/session/session.model.js
FN:6,(anonymous_0)
FN:11,(anonymous_1)
FN:16,(anonymous_2)
FN:20,(anonymous_3)
FN:29,(anonymous_4)
FN:35,(anonymous_5)
FN:45,(anonymous_6)
FNF:7
FNH:7
FNDA:1,(anonymous_0)
FNDA:1,(anonymous_1)
FNDA:3,(anonymous_2)
FNDA:1,(anonymous_3)
FNDA:1,(anonymous_4)
FNDA:3,(anonymous_5)
FNDA:2,(anonymous_6)
DA:1,1
DA:2,1
DA:3,1
DA:7,1
DA:8,1
DA:12,1
DA:17,3
DA:21,1
DA:25,1
DA:26,1
DA:30,1
DA:31,1
DA:37,3
DA:38,3
DA:47,2
DA:48,2
DA:52,2
DA:56,1
LF:18
LH:18
BRF:0
BRH:0
end_of_record
